/bin/bash: /Users/chrisleatherwood/Desktop/scale-builder/auto-push-watcher.sh: Operation not permitted
/bin/bash: /Users/chrisleatherwood/Desktop/scale-builder/auto-push-watcher.sh: Operation not permitted
/bin/bash: /Users/chrisleatherwood/Desktop/scale-builder/auto-push-watcher.sh: Operation not permitted
/bin/bash: /Users/chrisleatherwood/Desktop/scale-builder/auto-push-watcher.sh: Operation not permitted
/bin/bash: /Users/chrisleatherwood/Desktop/scale-builder/auto-push-watcher.sh: Operation not permitted
/bin/bash: /Users/chrisleatherwood/Desktop/scale-builder/auto-push-watcher.sh: Operation not permitted
/bin/bash: /Users/chrisleatherwood/Desktop/scale-builder/auto-push-watcher.sh: Operation not permitted
/bin/bash: /Users/chrisleatherwood/Desktop/scale-builder/auto-push-watcher.sh: Operation not permitted
/bin/bash: /Users/chrisleatherwood/Desktop/scale-builder/auto-push-watcher.sh: Operation not permitted
/bin/bash: /Users/chrisleatherwood/Desktop/scale-builder/auto-push-watcher.sh: Operation not permitted
/bin/bash: /Users/chrisleatherwood/Desktop/scale-builder/auto-push-watcher.sh: Operation not permitted
/bin/bash: /Users/chrisleatherwood/Desktop/scale-builder/auto-push-watcher.sh: Operation not permitted
/bin/bash: /Users/chrisleatherwood/Desktop/scale-builder/auto-push-watcher.sh: Operation not permitted
/bin/bash: /Users/chrisleatherwood/Desktop/scale-builder/auto-push-watcher.sh: Operation not permitted
/bin/bash: /Users/chrisleatherwood/Desktop/scale-builder/auto-push-watcher.sh: Operation not permitted
/bin/bash: /Users/chrisleatherwood/Desktop/scale-builder/auto-push-watcher.sh: Operation not permitted
/bin/bash: /Users/chrisleatherwood/Desktop/scale-builder/auto-push-watcher.sh: Operation not permitted
/bin/bash: /Users/chrisleatherwood/Desktop/scale-builder/auto-push-watcher.sh: Operation not permitted
/bin/bash: /Users/chrisleatherwood/Desktop/scale-builder/auto-push-watcher.sh: Operation not permitted
/bin/bash: /Users/chrisleatherwood/Desktop/scale-builder/auto-push-watcher.sh: Operation not permitted
/bin/bash: /Users/chrisleatherwood/Desktop/scale-builder/auto-push-watcher.sh: Operation not permitted
/bin/bash: /Users/chrisleatherwood/Desktop/scale-builder/auto-push-watcher.sh: Operation not permitted
/bin/bash: /Users/chrisleatherwood/Desktop/scale-builder/auto-push-watcher.sh: Operation not permitted
/bin/bash: /Users/chrisleatherwood/Desktop/scale-builder/auto-push-watcher.sh: Operation not permitted
/bin/bash: /Users/chrisleatherwood/Desktop/scale-builder/auto-push-watcher.sh: Operation not permitted
/bin/bash: /Users/chrisleatherwood/Desktop/scale-builder/auto-push-watcher.sh: Operation not permitted
/bin/bash: /Users/chrisleatherwood/Desktop/scale-builder/auto-push-watcher.sh: Operation not permitted
/bin/bash: /Users/chrisleatherwood/Desktop/scale-builder/auto-push-watcher.sh: Operation not permitted
/bin/bash: /Users/chrisleatherwood/Desktop/scale-builder/auto-push-watcher.sh: Operation not permitted
/bin/bash: /Users/chrisleatherwood/Desktop/scale-builder/auto-push-watcher.sh: Operation not permitted
/bin/bash: /Users/chrisleatherwood/Desktop/scale-builder/auto-push-watcher.sh: Operation not permitted
/bin/bash: /Users/chrisleatherwood/Desktop/scale-builder/auto-push-watcher.sh: Operation not permitted
[Wed Apr  8 19:56:21 CDT 2026] Scale-builder auto-push watcher started.
[main a3dec51] Auto-save: 2026-04-08 19:56:47
 5 files changed, 140 insertions(+)
 create mode 100644 .watcher-test
 create mode 100644 .watcher.log
 create mode 100644 auto-push-setup.sh
 create mode 100755 auto-push-watcher.sh
 create mode 100644 setup-zshrc.sh
fatal: could not read Username for 'https://github.com': Input/output error
[Wed Apr  8 19:56:48 CDT 2026] Push failed. Will retry on next change.
